<?xml version="1.0" encoding="UTF-8"?>
<testng-results ignored="0" total="1" passed="1" failed="0" skipped="0">
  <reporter-output>
  </reporter-output>
  <suite started-at="2023-10-01T17:31:45Z" name="Default suite" finished-at="2023-10-01T17:31:54Z" duration-ms="9510">
    <groups>
    </groups>
    <test started-at="2023-10-01T17:31:45Z" name="Default test" finished-at="2023-10-01T17:31:54Z" duration-ms="9510">
      <class name="executetest.DatePickersTest">
        <test-method is-config="true" signature="launchBrowser()[pri:0, instance:executetest.DatePickersTest@7c8c9a05]" started-at="2023-10-01T23:01:45Z" name="launchBrowser" finished-at="2023-10-01T23:01:52Z" duration-ms="7381" status="PASS">
          <reporter-output>
          </reporter-output>
        </test-method> <!-- launchBrowser -->
        <test-method signature="verifyShowDate()[pri:0, instance:executetest.DatePickersTest@7c8c9a05]" started-at="2023-10-01T23:01:52Z" name="verifyShowDate" finished-at="2023-10-01T23:01:54Z" duration-ms="2105" status="PASS">
          <reporter-output>
          </reporter-output>
        </test-method> <!-- verifyShowDate -->
      </class> <!-- executetest.DatePickersTest -->
    </test> <!-- Default test -->
  </suite> <!-- Default suite -->
</testng-results>
